SF:lib\features\auth\data\models\auth_api_model.dart
DA:13,1
DA:24,1
DA:25,1
DA:26,2
DA:27,1
DA:28,1
DA:29,1
DA:30,1
DA:31,1
DA:32,1
DA:33,1
DA:37,0
DA:38,0
DA:39,0
DA:40,0
DA:41,0
DA:42,0
DA:43,0
DA:44,0
DA:45,0
DA:46,0
DA:50,0
DA:51,0
DA:52,0
DA:53,0
DA:54,0
DA:55,0
DA:56,0
DA:57,0
DA:58,0
DA:59,0
DA:63,1
DA:64,1
DA:65,1
DA:66,1
DA:67,1
DA:68,1
DA:69,1
DA:70,1
DA:71,1
DA:72,1
LF:41
LH:21
end_of_record
SF:lib\features\mood\presentation\widgets\mood_shared.dart
DA:9,3
DA:34,3
DA:35,6
DA:36,6
DA:37,12
DA:41,0
DA:42,0
DA:43,0
DA:44,0
DA:49,3
DA:54,2
DA:56,2
DA:57,2
DA:58,4
DA:60,2
DA:61,2
DA:74,1
DA:85,2
DA:87,2
DA:89,2
DA:91,2
DA:92,2
DA:94,2
DA:96,2
DA:97,2
DA:100,2
DA:102,2
DA:105,4
DA:108,2
DA:109,2
DA:111,2
DA:112,2
DA:113,2
DA:121,2
DA:122,2
DA:143,3
DA:146,3
DA:150,3
DA:156,3
DA:162,3
DA:168,3
LF:41
LH:37
end_of_record
SF:lib\features\mood\domain\entities\mood_entity.dart
DA:10,3
DA:18,0
DA:19,0
LF:3
LH:1
end_of_record
SF:lib\features\mood\domain\entities\mood_overview_entity.dart
DA:8,1
DA:10,0
DA:11,0
DA:18,0
DA:20,0
DA:21,0
DA:28,1
DA:30,0
DA:31,0
DA:41,2
DA:49,0
DA:50,0
LF:12
LH:3
end_of_record
SF:lib\features\mood\presentation\state\mood_state.dart
DA:13,1
DA:20,0
DA:26,0
DA:27,0
DA:28,0
DA:29,0
DA:34,0
DA:35,0
LF:8
LH:1
end_of_record
SF:lib\features\mood\presentation\widgets\mood_log_tab.dart
DA:10,0
DA:29,0
DA:31,0
DA:32,0
DA:34,0
DA:35,0
DA:36,0
DA:39,0
DA:40,0
DA:41,0
DA:42,0
DA:59,0
DA:66,0
DA:67,0
DA:68,0
DA:69,0
DA:78,0
DA:80,0
DA:88,0
DA:96,0
DA:98,0
DA:99,0
DA:101,0
DA:104,0
DA:110,0
DA:119,0
DA:120,0
DA:121,0
DA:124,0
DA:125,0
DA:126,0
DA:129,0
DA:135,0
DA:136,0
DA:138,0
DA:148,0
DA:150,0
DA:151,0
DA:152,0
DA:155,0
DA:169,1
DA:182,1
DA:184,1
DA:185,1
DA:186,1
DA:187,1
DA:189,1
DA:191,1
DA:193,1
DA:194,1
DA:196,1
DA:198,1
DA:199,1
DA:200,1
DA:201,1
DA:204,1
DA:205,1
DA:206,1
DA:209,1
DA:215,1
DA:216,1
DA:219,1
DA:228,1
DA:233,1
DA:235,1
DA:249,1
DA:250,1
DA:251,1
DA:277,1
DA:288,1
DA:290,1
DA:292,1
DA:294,1
DA:295,1
DA:297,1
DA:299,1
DA:300,1
DA:301,2
DA:302,1
DA:307,1
DA:308,1
DA:312,2
DA:313,1
DA:314,1
DA:319,1
DA:320,1
DA:337,0
DA:341,1
DA:343,1
DA:345,1
DA:347,1
DA:349,1
DA:350,1
DA:363,0
DA:364,0
DA:365,0
DA:367,0
DA:369,0
DA:371,0
DA:372,0
DA:374,0
DA:376,0
DA:377,0
DA:378,0
DA:379,0
DA:380,0
DA:388,0
DA:390,0
DA:392,0
DA:394,0
DA:395,0
DA:407,0
DA:409,0
DA:410,0
DA:418,0
DA:419,0
DA:420,0
DA:421,0
DA:422,0
DA:423,0
DA:424,0
DA:425,0
DA:426,0
DA:428,0
DA:431,0
DA:444,0
DA:454,0
DA:456,0
DA:457,0
DA:459,0
DA:461,0
DA:462,0
DA:463,0
DA:466,0
DA:468,0
DA:469,0
DA:472,0
DA:481,0
DA:484,0
DA:485,0
DA:493,0
DA:494,0
LF:142
LH:52
end_of_record
SF:lib\features\mood\presentation\widgets\mood_picker_grid.dart
DA:5,0
DA:14,0
DA:16,0
DA:18,0
DA:20,0
DA:22,0
DA:25,0
DA:32,0
DA:33,0
DA:34,0
DA:35,0
DA:38,0
DA:47,0
DA:57,0
DA:59,0
DA:60,0
DA:61,0
DA:62,0
DA:64,0
DA:66,0
DA:67,0
DA:68,0
DA:69,0
DA:72,0
DA:74,0
DA:75,0
DA:78,0
DA:81,0
DA:84,0
DA:87,0
DA:88,0
LF:31
LH:0
end_of_record
SF:lib\core\api\api_client.dart
DA:9,0
DA:10,0
DA:16,0
DA:17,0
DA:18,0
DA:19,0
DA:22,0
DA:30,0
DA:33,0
DA:34,0
DA:35,0
DA:42,0
DA:43,0
DA:44,0
DA:45,0
DA:46,0
DA:52,0
DA:53,0
DA:65,0
DA:68,0
DA:73,0
DA:77,0
DA:83,0
DA:92,0
DA:98,0
DA:107,0
DA:113,0
DA:122,0
DA:128,0
DA:137,0
DA:142,0
DA:145,0
DA:157,0
DA:164,0
DA:165,0
DA:168,0
DA:170,0
DA:175,0
DA:176,0
DA:179,0
DA:182,0
DA:186,0
DA:189,0
DA:190,0
DA:191,0
DA:193,0
DA:194,0
DA:198,0
DA:201,0
DA:203,0
DA:204,0
DA:207,0
DA:208,0
DA:209,0
DA:210,0
DA:214,0
DA:215,0
DA:216,0
DA:217,0
DA:218,0
DA:219,0
DA:222,0
LF:62
LH:0
end_of_record
SF:lib\core\api\api_endpoints.dart
DA:5,0
DA:11,0
DA:14,0
DA:15,0
DA:30,0
DA:31,0
DA:44,0
DA:45,0
DA:72,0
DA:73,0
DA:74,0
DA:75,0
DA:76,0
DA:77,0
DA:78,0
LF:15
LH:0
end_of_record
SF:lib\core\error\failures.dart
DA:6,3
DA:8,0
DA:9,0
DA:13,3
DA:15,3
DA:22,3
DA:23,3
DA:25,0
DA:26,0
LF:9
LH:5
end_of_record
SF:lib\core\services\connectivity\network_info.dart
DA:8,0
DA:9,0
DA:15,0
DA:17,0
DA:20,0
DA:21,0
LF:6
LH:0
end_of_record
SF:lib\features\mood\data\datasources\mood_remote_datasource.dart
DA:8,0
DA:9,0
DA:15,0
DA:17,0
DA:18,0
DA:19,0
DA:20,0
DA:21,0
DA:24,0
DA:27,0
DA:28,0
DA:29,0
DA:30,0
DA:32,0
DA:33,0
DA:35,0
DA:38,0
DA:44,0
DA:46,0
DA:47,0
DA:48,0
DA:49,0
DA:50,0
DA:51,0
DA:55,0
DA:56,0
DA:59,0
DA:62,0
DA:66,0
DA:68,0
DA:71,0
DA:72,0
DA:74,0
DA:75,0
DA:78,0
DA:81,0
DA:82,0
DA:84,0
DA:88,0
LF:39
LH:0
end_of_record
SF:lib\features\mood\data\models\mood_api_model.dart
DA:10,0
DA:18,0
DA:19,0
DA:20,0
DA:22,0
DA:23,0
DA:24,0
DA:25,0
DA:29,0
DA:30,0
DA:31,0
DA:32,0
DA:33,0
DA:34,0
DA:35,0
LF:15
LH:0
end_of_record
SF:lib\features\mood\data\models\mood_overview_api_model.dart
DA:11,0
DA:19,0
DA:20,0
DA:21,0
DA:24,0
DA:25,0
DA:26,0
DA:27,0
DA:28,0
DA:33,0
DA:34,0
DA:35,0
DA:36,0
DA:37,0
DA:41,0
DA:43,0
DA:44,0
DA:45,0
DA:47,0
DA:48,0
DA:51,0
DA:53,0
DA:57,0
DA:62,0
DA:63,0
DA:64,0
DA:65,0
DA:66,0
DA:67,0
DA:68,0
LF:30
LH:0
end_of_record
SF:lib\features\mood\data\models\mood_range_api_model.dart
DA:11,0
DA:20,0
DA:21,0
DA:22,0
DA:24,0
DA:25,0
DA:26,0
DA:27,0
DA:28,0
DA:32,0
DA:33,0
DA:34,0
DA:35,0
DA:36,0
DA:37,0
DA:38,0
DA:39,0
LF:17
LH:0
end_of_record
SF:lib\features\mood\domain\entities\mood_range_entity.dart
DA:11,1
DA:20,0
DA:21,0
LF:3
LH:1
end_of_record
SF:lib\features\mood\data\repositories\mood_repository_impl.dart
DA:12,0
DA:13,0
DA:14,0
DA:15,0
DA:22,0
DA:28,0
DA:30,0
DA:33,0
DA:37,0
DA:38,0
DA:39,0
DA:40,0
DA:41,0
DA:43,0
DA:44,0
DA:46,0
DA:50,0
DA:54,0
DA:57,0
DA:61,0
DA:62,0
DA:63,0
DA:64,0
DA:65,0
DA:66,0
DA:67,0
DA:69,0
DA:70,0
DA:72,0
DA:76,0
DA:80,0
DA:86,0
DA:90,0
DA:91,0
DA:92,0
DA:93,0
DA:94,0
DA:95,0
DA:96,0
DA:98,0
DA:99,0
DA:101,0
DA:105,0
DA:109,0
DA:117,0
DA:121,0
DA:127,0
DA:128,0
DA:129,0
DA:130,0
DA:132,0
DA:133,0
DA:135,0
DA:139,0
DA:143,0
DA:146,0
DA:150,0
DA:152,0
DA:153,0
DA:154,0
DA:156,0
DA:157,0
DA:159,0
DA:163,0
LF:64
LH:0
end_of_record
SF:lib\features\mood\domain\usecases\create_mood_usecase.dart
DA:8,0
DA:9,0
DA:15,1
DA:17,1
DA:23,2
LF:5
LH:3
end_of_record
SF:lib\features\mood\domain\usecases\delete_mood_usecase.dart
DA:7,0
DA:8,0
DA:14,1
DA:16,1
DA:17,2
LF:5
LH:3
end_of_record
SF:lib\features\mood\domain\usecases\get_mood_overview_usecase.dart
DA:8,0
DA:9,0
DA:15,1
DA:17,1
DA:18,2
LF:5
LH:3
end_of_record
SF:lib\features\mood\domain\usecases\get_moods_range_usecase.dart
DA:8,0
DA:9,0
DA:15,1
DA:17,1
DA:21,2
LF:5
LH:3
end_of_record
SF:lib\features\mood\domain\usecases\get_moods_usecase.dart
DA:8,0
DA:9,0
DA:15,1
DA:17,1
DA:18,2
LF:5
LH:3
end_of_record
SF:lib\core\constants\hive_table_constant.dart
DA:2,0
LF:1
LH:0
end_of_record
SF:lib\core\services\hive\hive_service.dart
DA:7,0
DA:8,0
DA:12,0
DA:13,0
DA:14,0
DA:15,0
DA:16,0
DA:17,0
DA:20,0
DA:21,0
DA:22,0
DA:26,0
DA:27,0
DA:30,0
DA:31,0
DA:33,0
DA:34,0
DA:37,0
DA:39,0
DA:40,0
DA:47,0
DA:48,0
DA:51,0
DA:53,0
DA:59,0
DA:60,0
DA:63,0
DA:64,0
DA:68,0
DA:69,0
DA:70,0
DA:71,0
DA:72,0
DA:73,0
DA:74,0
DA:75,0
DA:76,0
DA:77,0
DA:78,0
DA:81,0
DA:85,0
DA:86,0
DA:89,0
DA:90,0
DA:93,0
DA:94,0
DA:95,0
DA:96,0
DA:97,0
DA:98,0
DA:99,0
DA:101,0
DA:104,0
LF:53
LH:0
end_of_record
SF:lib\features\auth\data\models\auth_hive_model.dart
DA:34,0
DA:43,0
DA:46,0
DA:47,0
DA:48,0
DA:49,0
DA:50,0
DA:51,0
DA:52,0
DA:53,0
DA:54,0
DA:55,0
DA:60,0
DA:61,0
DA:62,0
DA:63,0
DA:64,0
DA:65,0
DA:66,0
DA:67,0
DA:68,0
DA:69,0
LF:22
LH:0
end_of_record
SF:lib\features\auth\data\models\auth_hive_model.g.dart
DA:13,0
DA:15,0
DA:16,0
DA:17,0
DA:19,0
DA:20,0
DA:21,0
DA:22,0
DA:23,0
DA:24,0
DA:25,0
DA:26,0
DA:27,0
DA:31,0
DA:34,0
DA:35,0
DA:36,0
DA:37,0
DA:38,0
DA:39,0
DA:40,0
DA:41,0
DA:42,0
DA:43,0
DA:44,0
DA:45,0
DA:46,0
DA:47,0
DA:48,0
DA:49,0
DA:50,0
DA:53,0
DA:54,0
DA:56,0
DA:59,0
DA:60,0
DA:61,0
LF:37
LH:0
end_of_record
SF:lib\core\services\security\journal_passcode_cache_service.dart
DA:4,0
DA:5,0
DA:6,0
DA:15,0
DA:18,0
DA:19,0
DA:22,0
DA:23,0
DA:25,0
DA:26,0
DA:29,0
DA:30,0
LF:12
LH:0
end_of_record
SF:lib\core\services\storage\journal_access_token_service.dart
DA:6,0
DA:9,0
DA:19,0
DA:25,0
DA:30,0
DA:32,0
DA:33,0
DA:34,0
DA:35,0
DA:36,0
DA:40,0
DA:41,0
DA:42,0
DA:44,0
DA:45,0
DA:46,0
DA:52,0
DA:53,0
DA:55,0
DA:58,0
DA:59,0
DA:60,0
DA:65,0
DA:66,0
DA:68,0
DA:70,0
DA:79,0
DA:80,0
DA:81,0
DA:82,0
DA:83,0
DA:84,0
DA:88,0
DA:90,0
LF:34
LH:0
end_of_record
SF:lib\core\services\storage\user_session_service.dart
DA:4,0
DA:5,0
DA:8,0
DA:9,0
DA:10,0
DA:26,0
DA:28,0
DA:37,0
DA:38,0
DA:39,0
DA:40,0
DA:41,0
DA:42,0
DA:44,0
DA:45,0
DA:47,0
DA:50,0
DA:51,0
DA:54,0
DA:55,0
DA:57,0
DA:61,0
DA:67,0
DA:68,0
DA:70,0
DA:71,0
DA:74,0
DA:75,0
DA:79,0
DA:81,0
DA:82,0
DA:83,0
DA:84,0
DA:85,0
DA:86,0
DA:87,0
DA:89,0
DA:90,0
DA:92,0
DA:93,0
DA:94,0
DA:95,0
DA:96,0
DA:97,0
DA:98,0
DA:99,0
DA:100,0
DA:103,0
DA:104,0
LF:49
LH:0
end_of_record
SF:lib\core\services\storage\token_service.dart
DA:7,0
DA:8,0
DA:9,0
DA:18,0
DA:25,0
DA:26,0
DA:27,0
DA:28,0
DA:33,0
DA:34,0
DA:35,0
DA:38,0
DA:42,0
DA:43,0
DA:44,0
DA:45,0
LF:16
LH:0
end_of_record
SF:lib\features\auth\data\datasources\local\auth_local_datasource.dart
DA:8,0
DA:9,0
DA:10,0
DA:11,0
DA:21,0
DA:27,0
DA:30,0
DA:37,0
DA:41,0
DA:46,0
DA:52,0
DA:58,0
DA:61,0
DA:67,0
DA:70,0
DA:76,0
DA:79,0
DA:81,0
DA:83,0
DA:84,0
DA:85,0
DA:86,0
DA:87,0
DA:88,0
DA:89,0
DA:90,0
DA:99,0
DA:103,0
DA:110,0
DA:113,0
DA:115,0
DA:119,0
DA:122,0
LF:33
LH:0
end_of_record
SF:lib\features\auth\data\datasources\remote\auth_remote_datasource.dart
DA:11,0
DA:12,0
DA:13,0
DA:14,0
DA:15,0
DA:24,0
DA:32,0
DA:33,0
DA:34,0
DA:35,0
DA:37,0
DA:38,0
DA:40,0
DA:41,0
DA:42,0
DA:43,0
DA:51,0
DA:55,0
DA:56,0
DA:57,0
DA:58,0
DA:63,0
DA:65,0
DA:67,0
DA:70,0
DA:71,0
DA:73,0
DA:75,0
DA:76,0
DA:77,0
DA:80,0
DA:81,0
DA:82,0
DA:83,0
DA:84,0
DA:85,0
DA:86,0
DA:87,0
DA:96,0
DA:98,0
DA:100,0
DA:103,0
DA:104,0
DA:105,0
DA:107,0
DA:108,0
DA:109,0
DA:112,0
DA:113,0
DA:114,0
DA:115,0
DA:116,0
DA:117,0
DA:118,0
DA:119,0
DA:128,0
DA:129,0
DA:130,0
DA:131,0
DA:134,0
DA:137,0
DA:139,0
DA:142,0
DA:148,0
DA:151,0
DA:152,0
DA:153,0
DA:155,0
DA:160,0
DA:163,0
DA:166,0
DA:167,0
DA:168,0
DA:170,0
DA:171,0
DA:172,0
DA:173,0
DA:174,0
DA:175,0
DA:176,0
DA:177,0
DA:186,0
DA:192,0
DA:194,0
DA:201,0
DA:202,0
DA:205,0
DA:206,0
DA:207,0
DA:208,0
DA:215,0
DA:217,0
DA:219,0
DA:222,0
DA:223,0
DA:226,0
DA:227,0
DA:228,0
DA:229,0
DA:236,0
DA:242,0
DA:243,0
DA:244,0
DA:247,0
DA:248,0
DA:251,0
DA:252,0
DA:253,0
LF:108
LH:0
end_of_record
SF:lib\features\auth\domain\entities\auth_entity.dart
DA:13,3
DA:24,2
DA:25,2
DA:26,2
DA:27,2
DA:28,2
DA:29,2
DA:30,2
DA:31,2
DA:32,2
DA:33,2
LF:11
LH:11
end_of_record
SF:lib\features\auth\data\repositories\auth_repository.dart
DA:16,0
DA:17,0
DA:18,0
DA:19,0
DA:20,0
DA:21,0
DA:22,0
DA:23,0
DA:41,0
DA:55,0
DA:57,0
DA:60,0
DA:64,0
DA:70,0
DA:76,0
DA:77,0
DA:81,0
DA:87,0
DA:91,0
DA:95,0
DA:101,0
DA:106,0
DA:109,0
DA:110,0
DA:119,0
DA:120,0
DA:129,0
DA:130,0
DA:138,0
DA:142,0
DA:146,0
DA:147,0
DA:149,0
DA:151,0
DA:152,0
DA:154,0
DA:160,0
DA:163,0
DA:167,0
DA:171,0
DA:172,0
DA:173,0
DA:174,0
DA:176,0
DA:178,0
DA:179,0
DA:184,0
DA:188,0
DA:189,0
DA:194,0
LF:50
LH:0
end_of_record
SF:lib\features\auth\domain\usecases\get_current_user_usecase.dart
DA:10,0
DA:11,0
DA:12,0
DA:18,1
DA:21,1
DA:23,2
LF:6
LH:3
end_of_record
SF:lib\features\auth\domain\usecases\getuser_byemail.dart
DA:8,0
DA:9,0
DA:14,1
DA:15,1
DA:16,2
LF:5
LH:3
end_of_record
SF:lib\features\auth\domain\usecases\login_usecase.dart
DA:15,1
DA:17,0
DA:18,0
DA:21,0
DA:22,0
DA:23,0
DA:29,1
DA:32,1
DA:34,4
LF:9
LH:4
end_of_record
SF:lib\features\auth\domain\usecases\logout_usecase.dart
DA:8,0
DA:9,0
DA:10,0
DA:16,1
DA:19,1
DA:21,2
LF:6
LH:3
end_of_record
SF:lib\features\auth\domain\usecases\register_usecase.dart
DA:19,1
DA:28,0
DA:29,0
DA:32,0
DA:33,0
DA:34,0
DA:40,1
DA:43,1
DA:45,1
DA:46,1
DA:47,1
DA:48,1
DA:49,1
DA:50,1
DA:54,2
LF:15
LH:10
end_of_record
SF:lib\features\reminder\domain\entities\reminder_entity.dart
DA:14,2
DA:25,0
DA:26,0
DA:27,0
DA:28,0
DA:29,0
DA:30,0
DA:31,0
DA:32,0
DA:33,0
DA:34,0
LF:11
LH:1
end_of_record
SF:lib\features\reminder\domain\entities\reminder_notification_entity.dart
DA:12,0
DA:22,0
DA:24,0
DA:25,0
LF:4
LH:0
end_of_record
SF:lib\features\reminder\domain\usecases\create_reminder_usecase.dart
DA:8,3
DA:9,0
DA:15,2
DA:17,2
DA:24,4
LF:5
LH:4
end_of_record
SF:lib\features\reminder\domain\usecases\delete_reminder_usecase.dart
DA:7,3
DA:8,0
DA:14,2
DA:16,2
DA:17,4
LF:5
LH:4
end_of_record
SF:lib\features\reminder\domain\usecases\get_reminders_usecase.dart
DA:8,3
DA:9,0
DA:15,2
DA:17,2
DA:18,4
LF:5
LH:4
end_of_record
SF:lib\features\reminder\domain\usecases\toggle_reminder_usecase.dart
DA:8,3
DA:9,0
DA:15,2
DA:17,2
DA:18,4
LF:5
LH:4
end_of_record
SF:lib\features\reminder\domain\usecases\update_reminder_usecase.dart
DA:8,3
DA:9,0
DA:15,2
DA:17,2
DA:25,4
LF:5
LH:4
end_of_record
SF:lib\features\reminder\data\datasources\reminder_remote_datasource.dart
DA:7,0
DA:8,0
DA:14,0
DA:16,0
DA:17,0
DA:19,0
DA:20,0
DA:22,0
DA:23,0
DA:26,0
DA:29,0
DA:36,0
DA:38,0
DA:39,0
DA:40,0
DA:41,0
DA:42,0
DA:43,0
DA:47,0
DA:48,0
DA:51,0
DA:54,0
DA:62,0
DA:63,0
DA:64,0
DA:65,0
DA:66,0
DA:67,0
DA:68,0
DA:69,0
DA:73,0
DA:74,0
DA:77,0
DA:80,0
DA:81,0
DA:83,0
DA:87,0
DA:90,0
DA:91,0
DA:93,0
DA:94,0
DA:97,0
DA:100,0
DA:101,0
DA:103,0
DA:108,0
DA:109,0
DA:111,0
DA:112,0
DA:115,0
DA:118,0
DA:119,0
DA:121,0
DA:122,0
DA:125,0
DA:128,0
DA:129,0
DA:131,0
DA:132,0
DA:133,0
DA:134,0
DA:137,0
DA:140,0
DA:141,0
DA:143,0
DA:144,0
DA:145,0
DA:146,0
DA:149,0
DA:152,0
DA:153,0
DA:155,0
DA:160,0
DA:161,0
DA:163,0
DA:164,0
DA:167,0
LF:77
LH:0
end_of_record
SF:lib\features\reminder\data\models\reminder_api_model.dart
DA:13,0
DA:24,0
DA:26,0
DA:27,0
DA:28,0
DA:29,0
DA:31,0
DA:34,0
DA:35,0
DA:36,0
DA:37,0
DA:40,0
DA:41,0
DA:42,0
DA:43,0
DA:44,0
DA:45,0
DA:49,0
DA:50,0
DA:51,0
DA:52,0
DA:53,0
DA:54,0
DA:55,0
DA:56,0
DA:57,0
DA:61,0
DA:62,0
DA:63,0
DA:64,0
DA:65,0
DA:66,0
DA:67,0
DA:68,0
DA:69,0
DA:70,0
LF:36
LH:0
end_of_record
SF:lib\features\reminder\data\models\reminder_notification_api_model.dart
DA:12,0
DA:22,0
DA:24,0
DA:25,0
DA:26,0
DA:27,0
DA:29,0
DA:32,0
DA:33,0
DA:34,0
DA:35,0
DA:36,0
DA:37,0
DA:40,0
DA:42,0
DA:44,0
DA:47,0
DA:48,0
DA:49,0
DA:50,0
DA:51,0
DA:52,0
DA:53,0
DA:54,0
DA:58,0
DA:59,0
DA:60,0
DA:61,0
DA:62,0
DA:63,0
DA:64,0
DA:65,0
DA:66,0
LF:33
LH:0
end_of_record
SF:lib\features\reminder\data\repositories\reminder_repository_impl.dart
DA:11,0
DA:12,0
DA:13,0
DA:14,0
DA:21,0
DA:27,0
DA:29,0
DA:32,0
DA:37,0
DA:38,0
DA:39,0
DA:40,0
DA:41,0
DA:42,0
DA:43,0
DA:44,0
DA:47,0
DA:51,0
DA:60,0
DA:65,0
DA:72,0
DA:73,0
DA:74,0
DA:75,0
DA:76,0
DA:79,0
DA:83,0
DA:93,0
DA:98,0
DA:106,0
DA:107,0
DA:108,0
DA:109,0
DA:110,0
DA:113,0
DA:117,0
DA:120,0
DA:125,0
DA:127,0
DA:128,0
DA:129,0
DA:130,0
DA:133,0
DA:137,0
DA:140,0
DA:145,0
DA:146,0
DA:147,0
DA:148,0
DA:149,0
DA:150,0
DA:153,0
DA:157,0
DA:160,0
DA:165,0
DA:166,0
DA:167,0
DA:168,0
DA:169,0
DA:170,0
DA:171,0
DA:172,0
DA:175,0
DA:179,0
DA:182,0
DA:187,0
DA:188,0
DA:189,0
DA:190,0
DA:191,0
DA:192,0
DA:195,0
DA:199,0
DA:202,0
DA:207,0
DA:208,0
DA:209,0
DA:210,0
DA:211,0
DA:212,0
DA:215,0
DA:219,0
DA:222,0
DA:227,0
DA:228,0
DA:229,0
DA:230,0
DA:231,0
DA:232,0
DA:235,0
DA:239,0
DA:242,0
DA:247,0
DA:248,0
DA:249,0
DA:250,0
DA:251,0
DA:252,0
DA:253,0
DA:256,0
LF:100
LH:0
end_of_record
SF:lib\features\reminder\presentation\state\reminder_state.dart
DA:11,1
DA:17,1
DA:22,1
DA:23,0
DA:24,1
DA:29,1
DA:30,4
LF:7
LH:6
end_of_record
SF:lib\features\reminder\presentation\view_model\reminder_viewmodel.dart
DA:10,3
DA:21,1
DA:23,4
DA:24,4
DA:25,4
DA:26,4
DA:27,4
DA:31,1
DA:32,3
DA:34,2
DA:35,1
DA:36,5
DA:37,4
DA:41,1
DA:48,3
DA:50,2
DA:59,3
DA:61,4
DA:65,1
DA:69,1
DA:77,3
DA:79,2
DA:89,3
DA:91,4
DA:95,1
DA:99,1
DA:100,3
DA:102,2
DA:105,3
DA:107,4
DA:111,1
DA:115,1
DA:116,3
DA:118,2
DA:121,2
DA:123,0
DA:127,1
LF:37
LH:36
end_of_record
SF:lib\features\dashboard\presentation\widgets\home_empty_section_card.dart
DA:4,1
DA:17,1
DA:19,1
DA:20,1
DA:21,1
DA:22,1
DA:25,1
DA:27,1
DA:29,1
DA:30,1
DA:31,1
DA:34,1
DA:36,1
DA:39,2
DA:42,1
DA:43,1
DA:45,1
DA:46,1
DA:47,1
DA:55,1
DA:60,1
DA:62,1
DA:64,1
DA:65,1
LF:24
LH:24
end_of_record
SF:lib\features\dashboard\presentation\widgets\home_greeting_card.dart
DA:4,1
DA:17,1
DA:19,1
DA:21,1
DA:23,1
DA:25,1
DA:27,1
DA:28,1
DA:30,1
DA:32,1
DA:33,1
DA:34,1
DA:35,1
DA:38,1
DA:43,1
DA:44,2
DA:45,1
DA:48,1
DA:52,1
DA:53,1
DA:64,1
DA:65,1
DA:67,1
DA:68,1
DA:69,1
DA:70,1
DA:76,1
DA:77,1
DA:78,1
DA:79,1
DA:80,1
DA:83,1
DA:84,1
DA:85,1
DA:88,1
DA:89,1
DA:90,1
LF:37
LH:37
end_of_record
SF:lib\features\dashboard\presentation\widgets\home_quick_actions_section.dart
DA:4,1
DA:13,1
DA:15,1
DA:21,1
DA:24,1
DA:30,1
DA:33,1
DA:35,1
DA:45,1
DA:46,1
DA:47,2
DA:49,0
DA:50,0
DA:51,0
DA:53,0
DA:58,3
DA:59,1
DA:62,1
DA:63,1
DA:64,1
DA:75,1
DA:91,1
DA:93,1
DA:94,1
DA:95,1
DA:96,1
DA:99,1
DA:100,1
DA:101,1
DA:103,1
DA:104,1
DA:105,1
DA:108,1
DA:109,1
DA:110,1
DA:111,1
DA:115,0
DA:120,1
DA:122,1
DA:123,1
DA:128,1
DA:129,1
DA:130,1
DA:132,1
DA:133,1
DA:143,1
DA:144,1
DA:153,1
DA:154,1
DA:155,1
DA:156,1
LF:51
LH:46
end_of_record
SF:lib\features\dashboard\presentation\widgets\home_section_header.dart
DA:4,1
DA:13,1
DA:15,1
DA:16,1
DA:17,1
DA:20,1
DA:22,1
DA:26,1
DA:27,1
DA:35,1
DA:36,1
DA:37,1
DA:39,1
DA:41,1
LF:14
LH:14
end_of_record
SF:lib\features\mood\presentation\widgets\mood_history_tab.dart
DA:8,1
DA:19,1
DA:21,2
DA:23,1
DA:24,1
DA:25,1
DA:26,1
DA:31,1
DA:34,2
DA:35,1
DA:36,1
DA:37,1
DA:38,1
DA:40,2
DA:41,1
DA:43,3
DA:52,1
DA:56,1
DA:58,2
DA:60,8
DA:62,2
DA:63,1
DA:64,1
DA:65,1
DA:68,1
DA:71,1
DA:77,1
DA:86,1
DA:87,1
DA:88,1
DA:91,1
DA:92,1
DA:93,1
DA:96,1
DA:99,1
DA:100,1
DA:102,1
DA:112,1
DA:113,2
DA:114,1
DA:117,1
DA:130,1
DA:135,1
DA:137,4
DA:138,3
DA:139,5
DA:140,3
DA:141,3
DA:143,1
DA:145,1
DA:147,1
DA:148,1
DA:150,1
DA:152,1
DA:153,1
DA:156,1
DA:157,1
DA:158,1
DA:161,1
DA:164,1
DA:165,1
DA:167,1
DA:168,1
DA:169,1
DA:170,1
DA:171,1
DA:181,1
DA:186,1
DA:188,1
DA:190,1
DA:191,3
DA:199,1
DA:200,1
DA:201,3
DA:208,1
DA:209,1
DA:211,1
DA:220,2
DA:222,1
DA:231,2
DA:233,1
DA:255,1
DA:257,1
DA:259,1
DA:262,1
DA:264,1
DA:265,1
LF:87
LH:87
end_of_record
SF:lib\features\mood\presentation\widgets\mood_overview_tab.dart
DA:7,1
DA:16,1
DA:18,1
DA:20,1
DA:21,1
DA:22,1
DA:25,1
DA:27,1
DA:28,1
DA:29,1
DA:36,1
DA:43,1
DA:45,1
DA:54,1
DA:58,1
DA:60,2
DA:62,8
DA:64,6
DA:66,1
DA:68,1
DA:74,1
DA:83,1
DA:85,1
DA:95,1
DA:97,1
DA:100,1
DA:104,1
DA:107,1
DA:108,4
DA:109,2
DA:110,1
DA:111,2
DA:113,4
DA:124,1
DA:128,1
DA:130,1
DA:132,1
DA:133,1
DA:134,1
DA:136,1
DA:137,1
DA:138,1
DA:141,1
DA:149,1
DA:153,1
DA:155,6
DA:157,1
DA:158,1
DA:159,1
DA:160,1
DA:161,1
DA:162,1
DA:164,2
DA:166,8
DA:171,1
DA:172,1
DA:174,3
DA:181,1
DA:182,1
DA:183,1
DA:184,1
DA:186,2
DA:188,7
DA:193,1
DA:194,1
DA:196,1
DA:208,1
DA:212,1
DA:214,1
DA:217,1
DA:219,1
DA:220,1
DA:222,1
DA:223,5
DA:224,3
DA:225,2
DA:226,1
DA:227,2
DA:230,3
DA:232,1
DA:233,1
DA:234,1
DA:235,5
DA:237,1
DA:239,1
DA:242,2
DA:243,1
DA:245,1
DA:246,1
DA:247,1
DA:252,1
DA:261,1
DA:262,1
DA:281,1
DA:285,1
DA:287,3
DA:290,1
DA:292,1
DA:296,1
DA:299,1
DA:301,1
DA:302,1
DA:304,1
DA:305,1
DA:312,1
DA:313,1
DA:330,1
DA:332,1
DA:334,1
DA:337,1
DA:339,1
DA:340,1
LF:112
LH:112
end_of_record
